<?xml version="1.0" encoding="UTF-8"?>
<!-- Generated by org.testng.reporters.JUnitXMLReporter -->
<testsuite ignored="0" hostname="USER" failures="0" tests="4" name="Test valid and Invalid scenarios" time="39.906" errors="0" timestamp="2024-08-10T01:15:45 GMT+02:00">
  <testcase classname="Verify_Login_Func" name="Verify_Login" time="9.515"/>
  <testcase classname="Verify_Login_Func" name="Verify_Login" time="5.088"/>
  <testcase classname="Verify_Login_Func" name="Verify_Login" time="5.386"/>
  <testcase classname="Verify_Login_Func" name="Verify_Login" time="5.012"/>
</testsuite> <!-- Test valid and Invalid scenarios -->
