<?xml version="1.0" encoding="UTF-8"?>
<!-- Generated by org.testng.reporters.JUnitXMLReporter -->
<testsuite ignored="0" hostname="USER" failures="0" tests="3" name="Test Invalid scenarios" time="19.771" errors="0" timestamp="2024-07-26T23:58:59 GMT+02:00">
  <testcase classname="invalid_login" name="Invalid_Login_1" time="0.68"/>
  <testcase classname="invalid_login" name="Invalid_Login_2" time="0.671"/>
  <testcase classname="invalid_login" name="Invalid_Login_3" time="0.695"/>
</testsuite> <!-- Test Invalid scenarios -->
